21:54:16.212 [main] INFO  com.mindtree.runner.HomePg - successfully opened browser
22:10:01.744 [main] INFO  com.mindtree.runner.HomePg - successfully opened browser
22:10:01.878 [main] INFO  com.mindtree.runner.HomePg - sent keys in search box
22:10:04.592 [main] INFO  com.mindtree.runner.HomePg - book search successful
22:10:06.601 [main] DEBUG com.mindtree.runner.HomePg - searching for book
22:10:06.636 [main] DEBUG com.mindtree.runner.HomePg - book added to the cart
22:10:11.722 [main] INFO  com.mindtree.runner.HomePg - successfully opened browser
22:10:11.926 [main] INFO  com.mindtree.runner.HomePg - sent keys in search box
22:10:15.604 [main] INFO  com.mindtree.runner.HomePg - book search successful
22:10:18.451 [main] DEBUG com.mindtree.runner.HomePg - searching for book
22:10:18.472 [main] DEBUG com.mindtree.runner.HomePg - book added to the cart
22:10:22.002 [main] INFO  com.mindtree.runner.HomePg - successfully opened browser
22:10:22.422 [main] INFO  com.mindtree.runner.HomePg - sent keys in search box
22:10:24.686 [main] INFO  com.mindtree.runner.HomePg - book search successful
22:10:27.067 [main] DEBUG com.mindtree.runner.HomePg - searching for book
22:10:27.087 [main] DEBUG com.mindtree.runner.HomePg - book added to the cart
22:10:30.695 [main] INFO  com.mindtree.runner.HomePg - successfully opened browser
22:10:38.100 [main] INFO  com.mindtree.runner.HomePg - successfully opened browser
22:16:06.913 [main] INFO  com.mindtree.runner.HomePg - successfully opened browser
22:16:07.021 [main] INFO  com.mindtree.runner.HomePg - sent keys in search box
22:16:07.319 [main] INFO  com.mindtree.runner.HomePg - book search successful
22:16:10.154 [main] DEBUG com.mindtree.runner.HomePg - searching for book
22:16:10.205 [main] DEBUG com.mindtree.runner.HomePg - book added to the cart
22:16:18.974 [main] INFO  com.mindtree.runner.HomePg - successfully opened browser
22:16:19.070 [main] INFO  com.mindtree.runner.HomePg - sent keys in search box
